[2026-07-09T21:34:49] ============================================================
[2026-07-09T21:34:49] FilmVault Pipeline — Starting
[2026-07-09T21:34:49] ============================================================
[2026-07-09T21:34:49] Loaded existing catalog: 22799 films
[2026-07-09T21:34:49] Existing title+year keys: 22272
[2026-07-09T21:34:49]   Fetching page 1...
[2026-07-09T21:34:52]   Fetching page 2...
[2026-07-09T21:34:54]   Fetching page 3...
[2026-07-09T21:34:56]   Fetching page 4...
[2026-07-09T21:34:58]   Fetching page 5...
[2026-07-09T21:35:01]   Fetching page 6...
[2026-07-09T21:35:04]   Fetching page 7...
[2026-07-09T21:35:07]   Fetching page 8...
[2026-07-09T21:35:09]   Fetching page 9...
[2026-07-09T21:35:12]   Fetching page 10...
[2026-07-09T21:35:14]   Fetching page 11...
[2026-07-09T21:35:16]   Fetching page 12...
[2026-07-09T21:35:19]   Fetching page 13...
[2026-07-09T21:35:21]   Fetching page 14...
[2026-07-09T21:35:24]   Fetching page 15...
[2026-07-09T21:35:26]   Fetching page 16...
[2026-07-09T21:35:29]   Fetching page 17...
[2026-07-09T21:35:31]   Fetching page 18...
[2026-07-09T21:35:34]   Fetching page 19...
[2026-07-09T21:35:36]   Fetching page 20...
[2026-07-09T21:35:38]   Fetched 20 pages, found 1000 new films.
[2026-07-09T21:35:38]   Merged: 1000 new films added, 0 duplicates merged.
[2026-07-09T21:35:39] Catalog saved: 23799 films (8.7MB)
[2026-07-09T21:35:39] New films added this run: 1000
[2026-07-09T21:35:39] ============================================================
[2026-07-09T21:38:55] ============================================================
[2026-07-09T21:38:55] FilmVault Pipeline — Starting
[2026-07-09T21:38:55] ============================================================
[2026-07-09T21:38:55] Loaded existing catalog: 23799 films
[2026-07-09T21:38:55] Existing title+year keys: 23272
[2026-07-09T21:38:55]   Fetching page 1...
[2026-07-09T21:40:16] ============================================================
[2026-07-09T21:40:16] FilmVault Pipeline — Starting
[2026-07-09T21:40:16] ============================================================
[2026-07-09T21:40:16] Loaded existing catalog: 23799 films
[2026-07-09T21:40:16] Existing title+year keys: 23272
[2026-07-09T21:40:16]   Fetching page 1...
[2026-07-09T21:40:18]   Hit existing at page 1: Cold Storage (2026) — stopping.
[2026-07-09T21:40:18]   Fetched 1 pages, found 6 new films.
[2026-07-09T21:40:18]   Merged: 6 new films added, 0 duplicates enriched.
[2026-07-09T21:40:18] Catalog saved: 23805 films (8.7MB)
[2026-07-09T21:40:18] New films added this run: 6
[2026-07-09T21:40:18] ============================================================
